#
# There is insufficient memory for the Java Runtime Environment to continue.
# Native memory allocation (malloc) failed to allocate 32744 bytes for ChunkPool::allocate
# Possible reasons:
#   The system is out of physical RAM or swap space
#   In 32 bit mode, the process size limit was hit
# Possible solutions:
#   Reduce memory load on the system
#   Increase physical memory or swap space
#   Check if swap backing store is full
#   Use 64 bit Java on a 64 bit OS
#   Decrease Java heap size (-Xmx/-Xms)
#   Decrease number of Java threads
#   Decrease Java thread stack sizes (-Xss)
#   Set larger code cache with -XX:ReservedCodeCacheSize=
# This output file may be truncated or incomplete.
#
#  Out of Memory Error (allocation.cpp:273), pid=25624, tid=0x0000000000007070
#
# JRE version: OpenJDK Runtime Environment (8.0_76-b03) (build 1.8.0_76-release-b03)
# Java VM: OpenJDK 64-Bit Server VM (25.76-b03 mixed mode windows-amd64 compressed oops)
# Failed to write core dump. Minidumps are not enabled by default on client versions of Windows
#

---------------  T H R E A D  ---------------

Current thread (0x0000000016979000):  JavaThread "C2 CompilerThread0" daemon [_thread_in_native, id=28784, stack(0x0000000017e90000,0x0000000017f90000)]

Stack: [0x0000000017e90000,0x0000000017f90000]
[error occurred during error reporting (printing stack bounds), id 0xc0000005]

Native frames: (J=compiled Java code, j=interpreted, Vv=VM code, C=native code)


Current CompileTask:
C2:  84437 17097       4       java.net.URLClassLoader$1::run (5 bytes)


---------------  P R O C E S S  ---------------

Java Threads: ( => current thread )
  0x000000001c41d800 JavaThread "pool-9-thread-4" [_thread_blocked, id=28624, stack(0x00000000245e0000,0x00000000246e0000)]
  0x000000001c420800 JavaThread "pool-9-thread-2" [_thread_blocked, id=27716, stack(0x00000000244e0000,0x00000000245e0000)]
  0x000000001c41d000 JavaThread "pool-9-thread-3" [_thread_blocked, id=29368, stack(0x00000000243e0000,0x00000000244e0000)]
  0x000000001c420000 JavaThread "pool-9-thread-1" [_thread_blocked, id=28644, stack(0x0000000022e70000,0x0000000022f70000)]
  0x000000001b170000 JavaThread "pool-3-thread-4" [_thread_blocked, id=28752, stack(0x0000000022970000,0x0000000022a70000)]
  0x000000001b171800 JavaThread "pool-3-thread-3" [_thread_blocked, id=22596, stack(0x0000000022870000,0x0000000022970000)]
  0x000000001b16f800 JavaThread "pool-3-thread-2" [_thread_blocked, id=28460, stack(0x0000000022670000,0x0000000022770000)]
  0x000000001b172800 JavaThread "pool-3-thread-1" [_thread_blocked, id=28660, stack(0x0000000022570000,0x0000000022670000)]
  0x000000001932a000 JavaThread "File lock request listener" [_thread_in_native, id=29448, stack(0x000000001d1d0000,0x000000001d2d0000)]
  0x0000000018977800 JavaThread "Asynchronous log dispatcher for org.gradle.launcher.daemon.server.DefaultDaemonConnection@17abadc8" [_thread_blocked, id=26064, stack(0x000000001aa30000,0x000000001ab30000)]
  0x0000000018971800 JavaThread "Daemon worker" [_thread_in_native, id=27920, stack(0x000000001a930000,0x000000001aa30000)]
  0x00000000189ad000 JavaThread "Cancel handler" [_thread_blocked, id=26312, stack(0x000000001a830000,0x000000001a930000)]
  0x00000000180c0800 JavaThread "Handler for socket connection from /127.0.0.1:55496 to /127.0.0.1:55497" [_thread_in_native, id=25656, stack(0x000000001a530000,0x000000001a630000)]
  0x0000000018b9a800 JavaThread "Daemon" [_thread_blocked, id=26992, stack(0x000000001a430000,0x000000001a530000)]
  0x0000000019319000 JavaThread "pool-1-thread-1" [_thread_blocked, id=28356, stack(0x000000001a330000,0x000000001a430000)]
  0x0000000019576800 JavaThread "Incoming local TCP Connector on port 55496" [_thread_in_native, id=24672, stack(0x000000001a230000,0x000000001a330000)]
  0x0000000017fc8000 JavaThread "Service Thread" daemon [_thread_blocked, id=28300, stack(0x0000000018590000,0x0000000018690000)]
  0x000000001697e800 JavaThread "C1 CompilerThread2" daemon [_thread_blocked, id=25576, stack(0x0000000018490000,0x0000000018590000)]
  0x000000001697a800 JavaThread "C2 CompilerThread1" daemon [_thread_in_native, id=26996, stack(0x0000000018390000,0x0000000018490000)]
=>0x0000000016979000 JavaThread "C2 CompilerThread0" daemon [_thread_in_native, id=28784, stack(0x0000000017e90000,0x0000000017f90000)]
  0x000000001692d800 JavaThread "Attach Listener" daemon [_thread_blocked, id=20492, stack(0x0000000017d90000,0x0000000017e90000)]
  0x000000001692d000 JavaThread "Signal Dispatcher" daemon [_thread_blocked, id=25924, stack(0x0000000017c90000,0x0000000017d90000)]
  0x0000000016908000 JavaThread "Finalizer" daemon [_thread_blocked, id=28264, stack(0x0000000017b90000,0x0000000017c90000)]
  0x00000000168e6800 JavaThread "Reference Handler" daemon [_thread_blocked, id=28012, stack(0x0000000017a90000,0x0000000017b90000)]
  0x0000000002e10800 JavaThread "main" [_thread_blocked, id=25008, stack(0x0000000002a10000,0x0000000002b10000)]

Other Threads:
  0x00000000168e5800 VMThread [stack: 0x0000000017990000,0x0000000017a90000] [id=24668]
  0x0000000017fc9000 WatcherThread [stack: 0x0000000018690000,0x0000000018790000] [id=26280]

VM state:not at safepoint (normal execution)

VM Mutex/Monitor currently owned by a thread: None

Heap:
 PSYoungGen      total 427008K, used 269987K [0x00000000e0000000, 0x00000000fe680000, 0x0000000100000000)
  eden space 361984K, 70% used [0x00000000e0000000,0x00000000efa1b410,0x00000000f6180000)
  from space 65024K, 21% used [0x00000000f6180000,0x00000000f6f0dbe0,0x00000000fa100000)
  to   space 60928K, 0% used [0x00000000fa100000,0x00000000fa100000,0x00000000fdc80000)
 ParOldGen       total 219648K, used 91341K [0x00000000a0000000, 0x00000000ad680000, 0x00000000e0000000)
  object space 219648K, 41% used [0x00000000a0000000,0x00000000a5933568,0x00000000ad680000)
 Metaspace       used 72364K, capacity 74314K, committed 74752K, reserved 1114112K
  class space    used 9170K, capacity 9601K, committed 9728K, reserved 1048576K

Card table byte_map: [0x0000000012370000,0x0000000012680000] byte_map_base: 0x0000000011e70000

Marking Bits: (ParMarkBitMap*) 0x000000006b6a9d00
 Begin Bits: [0x0000000012c80000, 0x0000000014480000)
 End Bits:   [0x0000000014480000, 0x0000000015c80000)

Polling page: 0x00000000010c0000

CodeCache: size=245760Kb used=47856Kb max_used=48444Kb free=197903Kb
 bounds [0x0000000002fb0000, 0x0000000005f40000, 0x0000000011fb0000]
 total_blobs=14671 nmethods=13912 adapters=670
 compilation: enabled

Compilation events (10 events):
Event: 84.025 Thread 0x000000001697e800 17134       3       sun.security.provider.SHA2::lf_maj (12 bytes)
Event: 84.025 Thread 0x000000001697e800 nmethod 17134 0x0000000005972a50 code [0x0000000005972ba0, 0x0000000005972cf0]
Event: 84.025 Thread 0x000000001697e800 17138       1       sun.security.provider.SHA2::lf_ch (10 bytes)
Event: 84.025 Thread 0x000000001697e800 nmethod 17138 0x0000000005e48a10 code [0x0000000005e48b60, 0x0000000005e48c50]
Event: 84.025 Thread 0x000000001697e800 17136       3       sun.security.provider.SHA2::lf_delta0 (20 bytes)
Event: 84.025 Thread 0x000000001697e800 nmethod 17136 0x00000000056d36d0 code [0x00000000056d3840, 0x00000000056d3ab0]
Event: 84.025 Thread 0x000000001697e800 17139       1       sun.security.provider.SHA2::lf_maj (12 bytes)
Event: 84.025 Thread 0x000000001697e800 nmethod 17139 0x0000000005e710d0 code [0x0000000005e71220, 0x0000000005e71310]
Event: 84.026 Thread 0x000000001697e800 17140       3       sun.security.provider.SHA2::implCompress (331 bytes)
Event: 84.028 Thread 0x000000001697e800 nmethod 17140 0x00000000058b5d90 code [0x00000000058b5fe0, 0x00000000058b6dc8]

GC Heap History (10 events):
Event: 77.029 GC heap before
{Heap before GC invocations=45 (full 6):
 PSYoungGen      total 363008K, used 352596K [0x00000000e0000000, 0x00000000f9e80000, 0x0000000100000000)
  eden space 313856K, 100% used [0x00000000e0000000,0x00000000f3280000,0x00000000f3280000)
  from space 49152K, 78% used [0x00000000f6e80000,0x00000000f9455280,0x00000000f9e80000)
  to   space 55296K, 0% used [0x00000000f3280000,0x00000000f3280000,0x00000000f6880000)
 ParOldGen       total 199680K, used 100730K [0x00000000a0000000, 0x00000000ac300000, 0x00000000e0000000)
  object space 199680K, 50% used [0x00000000a0000000,0x00000000a625e960,0x00000000ac300000)
 Metaspace       used 70811K, capacity 72674K, committed 72960K, reserved 1112064K
  class space    used 8977K, capacity 9399K, committed 9472K, reserved 1048576K
Event: 77.144 GC heap after
Heap after GC invocations=45 (full 6):
 PSYoungGen      total 369152K, used 46437K [0x00000000e0000000, 0x00000000fdc80000, 0x0000000100000000)
  eden space 313856K, 0% used [0x00000000e0000000,0x00000000e0000000,0x00000000f3280000)
  from space 55296K, 83% used [0x00000000f3280000,0x00000000f5fd9720,0x00000000f6880000)
  to   space 60928K, 0% used [0x00000000fa100000,0x00000000fa100000,0x00000000fdc80000)
 ParOldGen       total 199680K, used 123208K [0x00000000a0000000, 0x00000000ac300000, 0x00000000e0000000)
  object space 199680K, 61% used [0x00000000a0000000,0x00000000a7852238,0x00000000ac300000)
 Metaspace       used 70811K, capacity 72674K, committed 72960K, reserved 1112064K
  class space    used 8977K, capacity 9399K, committed 9472K, reserved 1048576K
}
Event: 78.240 GC heap before
{Heap before GC invocations=46 (full 6):
 PSYoungGen      total 369152K, used 360293K [0x00000000e0000000, 0x00000000fdc80000, 0x0000000100000000)
  eden space 313856K, 100% used [0x00000000e0000000,0x00000000f3280000,0x00000000f3280000)
  from space 55296K, 83% used [0x00000000f3280000,0x00000000f5fd9720,0x00000000f6880000)
  to   space 60928K, 0% used [0x00000000fa100000,0x00000000fa100000,0x00000000fdc80000)
 ParOldGen       total 199680K, used 123208K [0x00000000a0000000, 0x00000000ac300000, 0x00000000e0000000)
  object space 199680K, 61% used [0x00000000a0000000,0x00000000a7852238,0x00000000ac300000)
 Metaspace       used 70819K, capacity 72674K, committed 72960K, reserved 1112064K
  class space    used 8977K, capacity 9399K, committed 9472K, reserved 1048576K
Event: 78.374 GC heap after
Heap after GC invocations=46 (full 6):
 PSYoungGen      total 422912K, used 44904K [0x00000000e0000000, 0x00000000fe680000, 0x0000000100000000)
  eden space 361984K, 0% used [0x00000000e0000000,0x00000000e0000000,0x00000000f6180000)
  from space 60928K, 73% used [0x00000000fa100000,0x00000000fccda3d8,0x00000000fdc80000)
  to   space 65024K, 0% used [0x00000000f6180000,0x00000000f6180000,0x00000000fa100000)
 ParOldGen       total 199680K, used 158723K [0x00000000a0000000, 0x00000000ac300000, 0x00000000e0000000)
  object space 199680K, 79% used [0x00000000a0000000,0x00000000a9b00c60,0x00000000ac300000)
 Metaspace       used 70819K, capacity 72674K, committed 72960K, reserved 1112064K
  class space    used 8977K, capacity 9399K, committed 9472K, reserved 1048576K
}
Event: 78.374 GC heap before
{Heap before GC invocations=47 (full 7):
 PSYoungGen      total 422912K, used 44904K [0x00000000e0000000, 0x00000000fe680000, 0x0000000100000000)
  eden space 361984K, 0% used [0x00000000e0000000,0x00000000e0000000,0x00000000f6180000)
  from space 60928K, 73% used [0x00000000fa100000,0x00000000fccda3d8,0x00000000fdc80000)
  to   space 65024K, 0% used [0x00000000f6180000,0x00000000f6180000,0x00000000fa100000)
 ParOldGen       total 199680K, used 158723K [0x00000000a0000000, 0x00000000ac300000, 0x00000000e0000000)
  object space 199680K, 79% used [0x00000000a0000000,0x00000000a9b00c60,0x00000000ac300000)
 Metaspace       used 70819K, capacity 72674K, committed 72960K, reserved 1112064K
  class space    used 8977K, capacity 9399K, committed 9472K, reserved 1048576K
Event: 79.189 GC heap after
Heap after GC invocations=47 (full 7):
 PSYoungGen      total 422912K, used 0K [0x00000000e0000000, 0x00000000fe680000, 0x0000000100000000)
  eden space 361984K, 0% used [0x00000000e0000000,0x00000000e0000000,0x00000000f6180000)
  from space 60928K, 0% used [0x00000000fa100000,0x00000000fa100000,0x00000000fdc80000)
  to   space 65024K, 0% used [0x00000000f6180000,0x00000000f6180000,0x00000000fa100000)
 ParOldGen       total 199680K, used 161228K [0x00000000a0000000, 0x00000000ac300000, 0x00000000e0000000)
  object space 199680K, 80% used [0x00000000a0000000,0x00000000a9d731c8,0x00000000ac300000)
 Metaspace       used 70819K, capacity 72674K, committed 72960K, reserved 1112064K
  class space    used 8977K, capacity 9399K, committed 9472K, reserved 1048576K
}
Event: 81.187 GC heap before
{Heap before GC invocations=48 (full 8):
 PSYoungGen      total 422912K, used 361984K [0x00000000e0000000, 0x00000000fe680000, 0x0000000100000000)
  eden space 361984K, 100% used [0x00000000e0000000,0x00000000f6180000,0x00000000f6180000)
  from space 60928K, 0% used [0x00000000fa100000,0x00000000fa100000,0x00000000fdc80000)
  to   space 65024K, 0% used [0x00000000f6180000,0x00000000f6180000,0x00000000fa100000)
 ParOldGen       total 199680K, used 161228K [0x00000000a0000000, 0x00000000ac300000, 0x00000000e0000000)
  object space 199680K, 80% used [0x00000000a0000000,0x00000000a9d731c8,0x00000000ac300000)
 Metaspace       used 70831K, capacity 72676K, committed 72960K, reserved 1112064K
  class space    used 8978K, capacity 9400K, committed 9472K, reserved 1048576K
Event: 81.473 GC heap after
Heap after GC invocations=48 (full 8):
 PSYoungGen      total 422912K, used 0K [0x00000000e0000000, 0x00000000fe680000, 0x0000000100000000)
  eden space 361984K, 0% used [0x00000000e0000000,0x00000000e0000000,0x00000000f6180000)
  from space 60928K, 0% used [0x00000000fa100000,0x00000000fa100000,0x00000000fdc80000)
  to   space 65024K, 0% used [0x00000000f6180000,0x00000000f6180000,0x00000000fa100000)
 ParOldGen       total 219648K, used 91333K [0x00000000a0000000, 0x00000000ad680000, 0x00000000e0000000)
  object space 219648K, 41% used [0x00000000a0000000,0x00000000a5931568,0x00000000ad680000)
 Metaspace       used 70831K, capacity 72676K, committed 72960K, reserved 1112064K
  class space    used 8978K, capacity 9400K, committed 9472K, reserved 1048576K
}
Event: 83.917 GC heap before
{Heap before GC invocations=49 (full 8):
 PSYoungGen      total 422912K, used 361603K [0x00000000e0000000, 0x00000000fe680000, 0x0000000100000000)
  eden space 361984K, 99% used [0x00000000e0000000,0x00000000f6120ed0,0x00000000f6180000)
  from space 60928K, 0% used [0x00000000fa100000,0x00000000fa100000,0x00000000fdc80000)
  to   space 65024K, 0% used [0x00000000f6180000,0x00000000f6180000,0x00000000fa100000)
 ParOldGen       total 219648K, used 91333K [0x00000000a0000000, 0x00000000ad680000, 0x00000000e0000000)
  object space 219648K, 41% used [0x00000000a0000000,0x00000000a5931568,0x00000000ad680000)
 Metaspace       used 72347K, capacity 74314K, committed 74752K, reserved 1114112K
  class space    used 9166K, capacity 9601K, committed 9728K, reserved 1048576K
Event: 83.926 GC heap after
Heap after GC invocations=49 (full 8):
 PSYoungGen      total 427008K, used 13878K [0x00000000e0000000, 0x00000000fe680000, 0x0000000100000000)
  eden space 361984K, 0% used [0x00000000e0000000,0x00000000e0000000,0x00000000f6180000)
  from space 65024K, 21% used [0x00000000f6180000,0x00000000f6f0dbe0,0x00000000fa100000)
  to   space 60928K, 0% used [0x00000000fa100000,0x00000000fa100000,0x00000000fdc80000)
 ParOldGen       total 219648K, used 91341K [0x00000000a0000000, 0x00000000ad680000, 0x00000000e0000000)
  object space 219648K, 41% used [0x00000000a0000000,0x00000000a5933568,0x00000000ad680000)
 Metaspace       used 72347K, capacity 74314K, committed 74752K, reserved 1114112K
  class space    used 9166K, capacity 9601K, committed 9728K, reserved 1048576K
}

Deoptimization events (10 events):
Event: 84.021 Thread 0x0000000018971800 Uncommon trap: reason=bimorphic action=maybe_recompile pc=0x0000000003b83254 method=java.security.MessageDigest$Delegate.engineUpdate([BII)V @ 7
Event: 84.023 Thread 0x0000000018971800 Uncommon trap: reason=bimorphic action=maybe_recompile pc=0x0000000003b83254 method=java.security.MessageDigest$Delegate.engineUpdate([BII)V @ 7
Event: 84.023 Thread 0x0000000018971800 Uncommon trap: reason=bimorphic action=maybe_recompile pc=0x0000000003b856c4 method=sun.security.provider.DigestBase.engineUpdate([BII)V @ 128
Event: 84.085 Thread 0x0000000018971800 Uncommon trap: reason=bimorphic action=maybe_recompile pc=0x0000000003b856c4 method=sun.security.provider.DigestBase.engineUpdate([BII)V @ 128
Event: 84.142 Thread 0x0000000018971800 Uncommon trap: reason=bimorphic action=maybe_recompile pc=0x0000000003b856c4 method=sun.security.provider.DigestBase.engineUpdate([BII)V @ 128
Event: 84.345 Thread 0x0000000018971800 Uncommon trap: reason=bimorphic action=maybe_recompile pc=0x0000000003b8de84 method=java.security.MessageDigest$Delegate.engineUpdate([BII)V @ 7
Event: 84.346 Thread 0x0000000018971800 Uncommon trap: reason=bimorphic action=maybe_recompile pc=0x00000000052345e0 method=java.security.MessageDigest$Delegate.engineDigest()[B @ 4
Event: 84.347 Thread 0x0000000018971800 Uncommon trap: reason=class_check action=maybe_recompile pc=0x0000000003ffe86c method=java.security.Provider$Service.newInstance(Ljava/lang/Object;)Ljava/lang/Object; @ 19
Event: 84.347 Thread 0x0000000018971800 Uncommon trap: reason=bimorphic action=maybe_recompile pc=0x00000000052345e0 method=java.security.MessageDigest$Delegate.engineDigest()[B @ 4
Event: 84.350 Thread 0x0000000018971800 Uncommon trap: reason=bimorphic action=maybe_recompile pc=0x00000000052345e0 method=java.security.MessageDigest$Delegate.engineDigest()[B @ 4

Internal exceptions (10 events):
Event: 61.343 Thread 0x0000000018971800 Exception <a 'java/lang/NoSuchMethodError': <clinit>> (0x00000000e4e3c230) thrown at [C:\src\android\AOSP-openjdk\external\jetbrains\jdk\hotspot\src\share\vm\prims\jni.cpp, line 1591]
Event: 63.868 Thread 0x000000001c429000 Implicit null exception at 0x00000000032a4cf1 to 0x00000000032a64d1
Event: 67.531 Thread 0x000000001c422000 Implicit null exception at 0x0000000005aa4c5f to 0x0000000005aa6a19
Event: 67.532 Thread 0x000000001c422000 Implicit null exception at 0x00000000052ce3ed to 0x00000000052cf19d
Event: 67.532 Thread 0x000000001c422000 Implicit null exception at 0x0000000005aff894 to 0x0000000005b01159
Event: 71.589 Thread 0x000000001b174800 Implicit null exception at 0x00000000032a87dc to 0x00000000032a9315
Event: 79.887 Thread 0x000000001c427800 Implicit null exception at 0x0000000005c4144a to 0x0000000005c42271
Event: 81.798 Thread 0x000000001c41d800 Implicit null exception at 0x00000000049e5ad0 to 0x00000000049e5f21
Event: 81.799 Thread 0x000000001c41d800 Implicit null exception at 0x000000000431c3d3 to 0x000000000431c5a9
Event: 82.152 Thread 0x000000001c41d800 Implicit null exception at 0x0000000005d5e6b7 to 0x0000000005d5ee45

Events (10 events):
Event: 84.348 Thread 0x0000000018971800 DEOPT PACKING pc=0x000000000314ac47 sp=0x000000001aa2b760
Event: 84.348 Thread 0x0000000018971800 DEOPT UNPACKING pc=0x0000000002ff75bf sp=0x000000001aa2b480 mode 0
Event: 84.349 Thread 0x0000000018971800 DEOPT PACKING pc=0x000000000314ac47 sp=0x000000001aa2b760
Event: 84.349 Thread 0x0000000018971800 DEOPT UNPACKING pc=0x0000000002ff75bf sp=0x000000001aa2b480 mode 0
Event: 84.349 Thread 0x0000000018971800 DEOPT PACKING pc=0x000000000314ac47 sp=0x000000001aa2b760
Event: 84.350 Thread 0x0000000018971800 DEOPT UNPACKING pc=0x0000000002ff75bf sp=0x000000001aa2b480 mode 0
Event: 84.350 Thread 0x0000000018971800 Uncommon trap: trap_request=0xffffffc6 fr.pc=0x00000000052345e0
Event: 84.350 Thread 0x0000000018971800 DEOPT PACKING pc=0x00000000052345e0 sp=0x000000001aa2b9f0
Event: 84.350 Thread 0x0000000018971800 DEOPT UNPACKING pc=0x0000000002ff556a sp=0x000000001aa2b9f0 mode 2
Event: 84.351 loading class javax/crypto/BadPaddingException


Dynamic libraries:
0x00007ff6f2ab0000 - 0x00007ff6f2ae1000 	E:\androidStudio\jre\bin\java.exe
0x00007ffbeb470000 - 0x00007ffbeb61c000 	C:\Windows\SYSTEM32\ntdll.dll
0x00007ffbea580000 - 0x00007ffbea6be000 	C:\Windows\system32\KERNEL32.DLL
0x00007ffbe8690000 - 0x00007ffbe87a5000 	C:\Windows\system32\KERNELBASE.dll
0x00007ffbea6c0000 - 0x00007ffbea76a000 	C:\Windows\system32\ADVAPI32.dll
0x00007ffbeaf70000 - 0x00007ffbeb0e7000 	C:\Windows\system32\USER32.dll
0x00007ffbe6660000 - 0x00007ffbe68db000 	C:\Windows\WinSxS\amd64_microsoft.windows.common-controls_6595b64144ccf1df_6.0.9600.17415_none_6240486fecbd8abb\COMCTL32.dll
0x00007ffbeb0f0000 - 0x00007ffbeb19a000 	C:\Windows\system32\msvcrt.dll
0x00007ffbeaa90000 - 0x00007ffbeaae9000 	C:\Windows\SYSTEM32\sechost.dll
0x00007ffbe8af0000 - 0x00007ffbe8c31000 	C:\Windows\system32\RPCRT4.dll
0x00007ffbea770000 - 0x00007ffbea8c1000 	C:\Windows\system32\GDI32.dll
0x00007ffbead30000 - 0x00007ffbead66000 	C:\Windows\system32\IMM32.DLL
0x00007ffbeabd0000 - 0x00007ffbead23000 	C:\Windows\system32\MSCTF.dll
0x00007ffbe8570000 - 0x00007ffbe85a1000 	C:\Windows\system32\nvinitx.dll
0x00007ffbe8560000 - 0x00007ffbe856a000 	C:\Windows\SYSTEM32\VERSION.dll
0x000000006cbe0000 - 0x000000006cbe6000 	C:\Program Files\NVIDIA Corporation\CoProcManager\_etoured.dll
0x00007ffbe4e00000 - 0x00007ffbe4e32000 	C:\Program Files\NVIDIA Corporation\CoProcManager\nvd3d9wrapx.dll
0x00007ffbe8c40000 - 0x00007ffbe8e1a000 	C:\Windows\system32\SETUPAPI.dll
0x00007ffbe87b0000 - 0x00007ffbe87ff000 	C:\Windows\system32\CFGMGR32.dll
0x00007ffbe4970000 - 0x00007ffbe4992000 	C:\Program Files\NVIDIA Corporation\CoProcManager\nvdxgiwrapx.dll
0x000000006ae10000 - 0x000000006aee2000 	E:\androidStudio\jre\jre\bin\msvcr100.dll
0x000000006aef0000 - 0x000000006b724000 	E:\androidStudio\jre\jre\bin\server\jvm.dll
0x00007ffbe6330000 - 0x00007ffbe6339000 	C:\Windows\SYSTEM32\WSOCK32.dll
0x00007ffbe3590000 - 0x00007ffbe35b2000 	C:\Windows\SYSTEM32\WINMM.dll
0x00007ffbeaea0000 - 0x00007ffbeaea7000 	C:\Windows\system32\PSAPI.DLL
0x00007ffbeaf10000 - 0x00007ffbeaf6a000 	C:\Windows\system32\WS2_32.dll
0x00007ffbe3550000 - 0x00007ffbe357a000 	C:\Windows\SYSTEM32\WINMMBASE.dll
0x00007ffbeaa80000 - 0x00007ffbeaa89000 	C:\Windows\system32\NSI.dll
0x00007ffbe7360000 - 0x00007ffbe7388000 	C:\Windows\SYSTEM32\DEVOBJ.dll
0x00007ffbe6320000 - 0x00007ffbe632f000 	E:\androidStudio\jre\jre\bin\verify.dll
0x00007ffbe2df0000 - 0x00007ffbe2e19000 	E:\androidStudio\jre\jre\bin\java.dll
0x00007ffbe2dd0000 - 0x00007ffbe2de6000 	E:\androidStudio\jre\jre\bin\zip.dll
0x00007ffbe8e40000 - 0x00007ffbea359000 	C:\Windows\system32\SHELL32.dll
0x00007ffbea360000 - 0x00007ffbea571000 	C:\Windows\SYSTEM32\combase.dll
0x00007ffbeb410000 - 0x00007ffbeb464000 	C:\Windows\system32\SHLWAPI.dll
0x00007ffbe6ae0000 - 0x00007ffbe6b92000 	C:\Windows\SYSTEM32\SHCORE.dll
0x00007ffbe85c0000 - 0x00007ffbe85d5000 	C:\Windows\SYSTEM32\profapi.dll
0x00007ffbe2850000 - 0x00007ffbe286a000 	E:\androidStudio\jre\jre\bin\net.dll
0x00007ffbe7e50000 - 0x00007ffbe7ea9000 	C:\Windows\system32\mswsock.dll
0x00007ffbe2800000 - 0x00007ffbe2811000 	E:\androidStudio\jre\jre\bin\nio.dll
0x00007ffbe5db0000 - 0x00007ffbe5dc2000 	C:\Users\sllEc_000\.gradle\native\19\windows-amd64\native-platform.dll
0x00007ffbe7eb0000 - 0x00007ffbe7ed0000 	C:\Windows\SYSTEM32\CRYPTSP.dll
0x00007ffbe7a80000 - 0x00007ffbe7ab6000 	C:\Windows\system32\rsaenh.dll
0x00007ffbe8100000 - 0x00007ffbe8126000 	C:\Windows\SYSTEM32\bcrypt.dll
0x00007ffbe7b90000 - 0x00007ffbe7bb1000 	C:\Windows\SYSTEM32\USERENV.dll
0x00007ffbe8440000 - 0x00007ffbe84a3000 	C:\Windows\system32\bcryptprimitives.dll
0x00007ffbe84b0000 - 0x00007ffbe84bb000 	C:\Windows\SYSTEM32\CRYPTBASE.dll
0x00007ffbe33c0000 - 0x00007ffbe33ea000 	C:\Windows\SYSTEM32\IPHLPAPI.DLL
0x00007ffbe26d0000 - 0x00007ffbe26da000 	C:\Windows\SYSTEM32\WINNSI.DLL
0x00007ffbe2430000 - 0x00007ffbe2446000 	C:\Windows\SYSTEM32\dhcpcsvc6.DLL
0x00007ffbe26b0000 - 0x00007ffbe26ca000 	C:\Windows\SYSTEM32\dhcpcsvc.DLL
0x00007ffbe62c0000 - 0x00007ffbe62cd000 	E:\androidStudio\jre\jre\bin\management.dll

VM Arguments:
jvm_args: -Xmx1536m -Dfile.encoding=GBK -Duser.country=CN -Duser.language=zh -Duser.variant 
java_command: org.gradle.launcher.daemon.bootstrap.GradleDaemon 2.14.1
java_class_path (initial): C:\Users\sllEc_000\.gradle\wrapper\dists\gradle-2.14.1-all\8bnwg5hd3w55iofp58khbp6yv\gradle-2.14.1\lib\gradle-launcher-2.14.1.jar
Launcher Type: SUN_STANDARD

Environment Variables:
JAVA_HOME=E:\java8.0
CLASSPATH=.;E:\java8.0\lib\dt.jar;E:\java8.0\lib\tools.jar
PATH=C:\ProgramData\Oracle\Java\javapath;C:\Windows\system32;C:\Windows;C:\Windows\System32\Wbem;C:\Windows\System32\WindowsPowerShell\v1.0\;C:\Program Files (x86)\NVIDIA Corporation\PhysX\Common;C:\Program Files (x86)\Windows Kits\8.1\Windows Performance Toolkit\;C:\Program Files\Microsoft SQL Server\110\Tools\Binn\;C:\Program Files (x86)\Microsoft SDKs\TypeScript\1.0\;C:\Program Files\Microsoft SQL Server\120\Tools\Binn\;C:\Program Files\Common Files\Autodesk Shared\;D:\SVN\bin;C:\sqlite;D:\android\android-sdk-windows\tools;E:\java8.0\bin;E:\java8.0\jre\bin;D:\android\android-sdk-windows\platform-tools
USERNAME=sllEc_000
OS=Windows_NT
PROCESSOR_IDENTIFIER=Intel64 Family 6 Model 58 Stepping 9, GenuineIntel



---------------  S Y S T E M  ---------------

OS: Windows 8.1 , 64 bit Build 9600 (6.3.9600.17415)

CPU:total 4 (2 cores per cpu, 2 threads per core) family 6 model 58 stepping 9, cmov, cx8, fxsr, mmx, sse, sse2, sse3, ssse3, sse4.1, sse4.2, popcnt, avx, aes, clmul, erms, ht, tsc, tscinvbit, tscinv

Memory: 4k page, physical 4078484k(302216k free), swap 6175640k(5684k free)

vm_info: OpenJDK 64-Bit Server VM (25.76-b03) for windows-amd64 JRE (1.8.0_76-release-b03), built on Jun 29 2016 19:09:20 by "ralucas" with MS VC++ 10.0 (VS2010)

time: Tue Feb 28 20:37:41 2017
elapsed time: 84 seconds (0d 0h 1m 24s)

